Arguments: 
  /home/jhonxbatista/.config/versions/node/v11.15.0/bin/node /home/jhonxbatista/.config/versions/node/v11.15.0/bin/yarn init

PATH: 
  /home/jhonxbatista/.config/versions/node/v11.15.0/bin:/usr/local/sbin:/usr/local/bin:/usr/sbin:/usr/bin:/sbin:/bin:/usr/games:/usr/local/games:/snap/bin

Yarn version: 
  1.22.4

Node version: 
  11.15.0

Platform: 
  linux ia32

Trace: 
  Error: canceled
      at Interface.<anonymous> (/home/jhonxbatista/.config/versions/node/v11.15.0/lib/node_modules/yarn/lib/cli.js:137008:13)
      at Interface.emit (events.js:193:13)
      at Interface._ttyWrite (readline.js:826:16)
      at ReadStream.onkeypress (readline.js:183:10)
      at ReadStream.emit (events.js:193:13)
      at emitKeys (internal/readline.js:424:14)
      at emitKeys.next (<anonymous>)
      at ReadStream.onData (readline.js:1097:36)
      at ReadStream.emit (events.js:193:13)
      at addChunk (_stream_readable.js:295:12)

npm manifest: 
  No manifest

yarn manifest: 
  No manifest

Lockfile: 
  No lockfile
